1535170958842	geckodriver	INFO	geckodriver 0.21.0
1535170958851	geckodriver	INFO	Listening on 127.0.0.1:59696
1535170961889	mozrunner::runner	INFO	Running command: "C:\\Program Files\\Mozilla Firefox52esr\\firefox.exe" "-marionette" "-foreground" "-no-remote" "-profile" "C:\\Users\\james\\AppData\\Local\\Temp\\rust_mozprofile.upzYw6JCCafw"
Unable to read VR Path Registry from C:\Users\james\AppData\Local\openvr\openvrpaths.vrpath
1535170962720	Marionette	INFO	Enabled via --marionette
Unable to read VR Path Registry from C:\Users\james\AppData\Local\openvr\openvrpaths.vrpath
Unable to read VR Path Registry from C:\Users\james\AppData\Local\openvr\openvrpaths.vrpath
Unable to read VR Path Registry from C:\Users\james\AppData\Local\openvr\openvrpaths.vrpath
1535170964736	Marionette	INFO	Listening on port 59708
Unable to read VR Path Registry from C:\Users\james\AppData\Local\openvr\openvrpaths.vrpath
1535170965122	Marionette	WARN	TLS certificate errors will be ignored for this session
[Child 16084, Chrome_ChildThread] WARNING: pipe error: 109: file z:/build/build/src/ipc/chromium/src/chrome/common/ipc_channel_win.cc, line 346
[Child 15632, Chrome_ChildThread] WARNING: pipe error: 109: file z:/build/build/src/ipc/chromium/src/chrome/common/ipc_channel_win.cc, line 346
[Child 15632, C[Parent 17960, Gecko_IOThread] WARNING: pipe error: 109: file z:/build/build/src/ipc/chromium/src/chrome/common/ipc_channel_win.cc, line 346
*** UTM:SVC TimerManager:registerTimer called after profile-before-change notification. Ignoring timer registration for id: telemetry_modules_ping

###!!! [Child][MessageChannel::SendAndWait] Error: Channel error: cannot send/recv

1535171109356	geckodriver	INFO	geckodriver 0.21.0
1535171109366	geckodriver	INFO	Listening on 127.0.0.1:59969
1535171112381	mozrunner::runner	INFO	Running command: "C:\\Program Files\\Mozilla Firefox52esr\\firefox.exe" "-marionette" "-foreground" "-no-remote" "-profile" "C:\\Users\\james\\AppData\\Local\\Temp\\rust_mozprofile.UyKWUz88NqVa"
Unable to read VR Path Registry from C:\Users\james\AppData\Local\openvr\openvrpaths.vrpath
1535171112982	Marionette	INFO	Enabled via --marionette
Unable to read VR Path Registry from C:\Users\james\AppData\Local\openvr\openvrpaths.vrpath
Unable to read VR Path Registry from C:\Users\james\AppData\Local\openvr\openvrpaths.vrpath
Unable to read VR Path Registry from C:\Users\james\AppData\Local\openvr\openvrpaths.vrpath
Unable to read VR Path Registry from C:\Users\james\AppData\Local\openvr\openvrpaths.vrpath
1535171115070	Marionette	INFO	Listening on port 59981
1535171115104	Marionette	WARN	TLS certificate errors will be ignored for this session
[Parent 16172, Gecko_IOThread] WARNING: pipe error: 109: file z:/build/build/src/ipc/chromium/src/chrome/common/ipc_channel_win.cc, line 346
[Parent 16172, Gecko_IOThread] WARNING: pipe error: 109: file z:/build/build/src/ipc/chromium/src/chrome/common/ipc_channel_win.cc, line 346
[Child 9008, Chrome_ChildThread] WARNING: pipe error: 109: file z:/build/build/src/ipc/chromium/src/chrome/common/ipc_channel_win.cc, line 346
[Child 9008, Chrome_ChildTh[Child 18692, Chrome_ChildThread] WARNING: pipe error: 109: file z:/build/build/src/ipc/chromium/src/chrome/common/ipc_channel_win.cc, line 346
[Child 18692, Chrome_ChildThread] WARNING: pipe 
###!!! [Child][MessageChannel::SendAndWait] Error: Channel error: cannot send/recv

\Local\openvr\openvrpaths.vrpath
Unable to read VR Path Registry from C:\Users\james\AppData\Local\openvr\openvrpaths.vrpath
1535171312148	Marionette	INFO	Listening on port 60321
1535171312578	Marionette	WARN	TLS certificate errors will be ignored for this session
console.warn: LoginRecipes: getRecipes: falling back to a synchronous message for: https://learn.letskodeit.com
[[Child 18148, Chrome_ChildThread] WARNING: pipe error: 109: file z:/build/build/src/ipc/chromium/src/chrome/common/ipc_channel_win.cc, line 346
[Child 18148,
###!!! [Child][MessageChannel::SendAndWait] Error: Channel error: cannot send/recv

"-no-remote" "-profile" "C:\\Users\\james\\AppData\\Local\\Temp\\rust_mozprofile.nhTFcOmInWpX"
Unable to read VR Path Registry from C:\Users\james\AppData\Local\openvr\openvrpaths.vrpath
1535171778120	Marionette	INFO	Enabled via --marionette
Unable to read VR Path Registry from C:\Users\james\AppData\Local\openvr\openvrpaths.vrpath
Unable to read VR Path Registry from C:\Users\james\AppData\Local\openvr\openvrpaths.vrpath
Unable to read VR Path Registry from C:\Users\james\AppData\Local\openvr\openvrpaths.vrpath
Unable to read VR Path Registry from C:\Users\james\AppData\Local\openvr\openvrpaths.vrpath
1535171779820	Marionette	INFO	Listening on port 61026
1535171780240	Marionette	WARN	TLS certificate errors will be ignored for this session
[[Parent 7332, Gecko_IOThread] WARNING: pipe error: 109: file z:/build/build/src/ipc/chromium/src/chrome/common/ipc_channel_win.cc, line 346
[Child 14444, Chrome_ChildThread] WARNING: pipe error: 109: file z:/build/build/src/ipc/chromium/src/chrome/common/ipc_channel_win.cc, line 346
[Ch*** UTM:SVC TimerManager:registerTimer called after profile-before-change notification. Ignoring timer registration for id: telemetry_modules_ping

###!!! [Child][MessageChannel::SendAndWait] Error: Channel error: cannot send/recv

1535171864358	geckodriver	INFO	geckodriver 0.21.0
1535171864368	geckodriver	INFO	Listening on 127.0.0.1:61201
1535171867376	mozrunner::runner	INFO	Running command: "C:\\Program Files\\Mozilla Firefox52esr\\firefox.exe" "-marionette" "-foreground" "-no-remote" "-profile" "C:\\Users\\james\\AppData\\Local\\Temp\\rust_mozprofile.lFxXQWoiJACi"
Unable to read VR Path Registry from C:\Users\james\AppData\Local\openvr\openvrpaths.vrpath
1535171867968	Marionette	INFO	Enabled via --marionette
Unable to read VR Path Registry from C:\Users\james\AppData\Local\openvr\openvrpaths.vrpath
Unable to read VR Path Registry from C:\Users\james\AppData\Local\openvr\openvrpaths.vrpath
Unable to read VR Path Registry from C:\Users\james\AppData\Local\openvr\openvrpaths.vrpath
Unable to read VR Path Registry from C:\Users\james\AppData\Local\openvr\openvrpaths.vrpath
1535171869680	Marionette	INFO	Listening on port 61213
1535171870092	Marionette	WARN	TLS certificate errors will be ignored for this session
[Parent 16032, Gecko_IOThread] WARNING: pipe error: 109: file z:/build/build/src/ipc/chromium/src/chrome/common/ipc_channel_win.cc, line 346
[Parent 16032, Gecko_IOThread] WARNING: pipe error: 109: file z:/build/build/src/ipc/chromium/src/chrome/common/ipc_channel_win.cc, line 346
[Child 3100, Chrome_ChildThread] WARNING: pipe error: 109: file z:/build/build/src/ipc/chromium/src/chrome/common/ipc_channel_win.cc, line 346
[Ch[Child 3100,ild 18784, Chrome_ChildThread] WARNING: pipe error: 109: file z:/build/build/src/ipc/chromium/src/chrome/common/ipc_channel_win.cc, line 346
[Child 18784, *** UTM:SVC TimerManager:registerTimer called after profile-before-change notification. Ignoring timer registration for id: telemetry_modules_ping

###!!! [Child][MessageChannel::SendAndWait] Error: Channel error: cannot send/recv

1535172209253	geckodriver	INFO	geckodriver 0.21.0
1535172209263	geckodriver	INFO	Listening on 127.0.0.1:61730
1535172212267	mozrunner::runner	INFO	Running command: "C:\\Program Files\\Mozilla Firefox52esr\\firefox.exe" "-marionette" "-foreground" "-no-remote" "-profile" "C:\\Users\\james\\AppData\\Local\\Temp\\rust_mozprofile.FOIjThLahpIZ"
Unable to read VR Path Registry from C:\Users\james\AppData\Local\openvr\openvrpaths.vrpath
1535172212878	Marionette	INFO	Enabled via --marionette
Unable to read VR Path Registry from C:\Users\james\AppData\Local\openvr\openvrpaths.vrpath
Unable to read VR Path Registry from C:\Users\james\AppData\Local\openvr\openvrpaths.vrpath
Unable to read VR Path Registry from C:\Users\james\AppData\Local\openvr\openvrpaths.vrpath
Unable to read VR Path Registry from C:\Users\james\AppData\Local\openvr\openvrpaths.vrpath
1535172214614	Marionette	INFO	Listening on port 61742
1535172214984	Marionette	WARN	TLS certificate errors will be ignored for this session
[Parent 16500, Gecko_IOThread] WARNING: pipe error: 109: file z:/build/build/src/ipc/chromium/src/chrome/common/ipc_channel_win.cc, line 346
[Parent 16500, Gecko_IOThread] WARNING: pipe error: 109: file z:/build/build/src/ipc/chromium/src/chrome/common/ipc_channel_win.cc, line 346
[Child 796, Chrome_ChildThread] WARNING: pipe error: 109: file z:/build/build/src/ipc/chromium/src/chrome/common/ipc_channel_win.cc, line 346
[Child 796, C[Child 6344, Chrome_ChildThread] WARNING: pipe*** UTM:SVC TimerManager:registerTimer called after profile-before-change notification. Ignoring timer registration for id: telemetry_modules_ping

###!!! [Child][MessageChannel::SendAndWait] Error: Channel error: cannot send/recv

