1534809456910	geckodriver	INFO	geckodriver 0.20.0
1534809456931	geckodriver	INFO	Listening on 127.0.0.1:61934
1534809459948	mozrunner::runner	INFO	Running command: "C:\\Program Files\\Mozilla Firefox52esr\\firefox.exe" "-marionette" "-profile" "C:\\Users\\james\\AppData\\Local\\Temp\\rust_mozprofile.mUjBOS93XWGY"
[GFX1]: Potential driver version mismatch ignored due to missing DLLs 0.0.0.0 and 0.0.0.0
1534809461617	Marionette	INFO	Listening on port 2828
[GFX1]: Potential driver version mismatch ignored due to missing DLLs 0.0.0.0 and 0.0.0.0
[Child 1192] WARNING: pipe error: 109: file c:/builds/moz2_slave/m-esr52-w64-000000000000000000/build/src/ipc/chromium/src/chrome/common/ipc_channel_win.cc, line 345
[Child 11921534809505594	geckodriver	INFO	geckodriver 0.20.0
1534809505603	geckodriver	INFO	Listening on 127.0.0.1:61989
1534809508619	mozrunner::runner	INFO	Running command: "C:\\Program Files\\Mozilla Firefox52esr\\firefox.exe" "-marionette" "-profile" "C:\\Users\\james\\AppData\\Local\\Temp\\rust_mozprofile.2ZmXtJYHeVsb"
[GFX1]: Potential driver version mismatch ignored due to missing DLLs 0.0.0.0 and 0.0.0.0
1534809509596	Marionette	INFO	Listening on port 2828
[GFX1]: Potential driver version mismatch ignored due to missing DLLs 0.0.0.0 and 0.0.0.0
[Child 11752] WARNING: pipe error: 109: file c:/builds/moz2_slave/m-esr52-w64-000000000000000000/build/src/ipc/chromium/src/chrome/common/ipc_channel_win.cc, line 345
[Child 11752] W1534809538682	geckodriver	INFO	geckodriver 0.20.0
1534809538692	geckodriver	INFO	Listening on 127.0.0.1:62171
1534809541724	mozrunner::runner	INFO	Running command: "C:\\Program Files\\Mozilla Firefox52esr\\firefox.exe" "-marionette" "-profile" "C:\\Users\\james\\AppData\\Local\\Temp\\rust_mozprofile.PlKaEBzEEeCn"
[GFX1]: Potential driver version mismatch ignored due to missing DLLs 0.0.0.0 and 0.0.0.0
1534809542711	Marionette	INFO	Listening on port 2828
[GFX1]: Potential driver version mismatch ignored due to missing DLLs 0.0.0.0 and 0.0.0.0
[Child 11324] WARNING: pipe error: 109: file c:/builds/moz2_slave/m-esr52-w64-000000000000000000/build/src/ipc/chromium/src/chrome/common/ipc_channel_win.cc, line 345
[Child 111534809695012	geckodriver	INFO	geckodriver 0.20.0
1534809695023	geckodriver	INFO	Listening on 127.0.0.1:62498
1534809698034	mozrunner::runner	INFO	Running command: "C:\\Program Files\\Mozilla Firefox52esr\\firefox.exe" "-marionette" "-profile" "C:\\Users\\james\\AppData\\Local\\Temp\\rust_mozprofile.0IeAHLDXrc3L"
[GFX1]: Potential driver version mismatch ignored due to missing DLLs 0.0.0.0 and 0.0.0.0
1534809699051	Marionette	INFO	Listening on port 2828
[GFX1]: Potential driver version mismatch ignored due to missing DLLs 0.0.0.0 and 0.0.0.0
1534809992917	geckodriver	INFO	geckodriver 0.20.0
1534809992927	geckodriver	INFO	Listening on 127.0.0.1:62844
1534809995947	mozrunner::runner	INFO	Running command: "C:\\Program Files\\Mozilla Firefox52esr\\firefox.exe" "-marionette" "-profile" "C:\\Users\\james\\AppData\\Local\\Temp\\rust_mozprofile.3kKJEzNKifCU"
[GFX1]: Potential driver version mismatch ignored due to missing DLLs 0.0.0.0 and 0.0.0.0
1534809997050	Marionette	INFO	Listening on port 2828
[GFX1]: Potential driver version mismatch ignored due to missing DLLs 0.0.0.0 and 0.0.0.0
[Parent 12984] WARNING: pipe error: 109: file c:/builds/moz2_slave/m-esr52-w64-000000000000000000/build/src/ipc/chromium/src/chrome/common/ipc_channel_win.cc, line 345
1534812507907	geckodriver	INFO	geckodriver 0.20.0
1534812507916	geckodriver	INFO	Listening on 127.0.0.1:64666
1534812510927	mozrunner::runner	INFO	Running command: "C:\\Program Files\\Mozilla Firefox52esr\\firefox.exe" "-marionette" "-profile" "C:\\Users\\james\\AppData\\Local\\Temp\\rust_mozprofile.GIZ2NG06ZXUd"
[GFX1]: Potential driver version mismatch ignored due to missing DLLs 0.0.0.0 and 0.0.0.0
1534812512069	Marionette	INFO	Listening on port 2828
[GFX1]: Potential driver version mismatch ignored due to missing DLLs 0.0.0.0 and 0.0.0.0
[Child 11288] WARNING: pipe error: 109: file c:/builds/moz2_slave/m-esr52-w64-000000000000000000/build/src/ipc/chromium/src/chrome/common/ipc_channel_win.cc, line 345
[Child 112881534813044585	geckodriver	INFO	geckodriver 0.21.0
1534813044595	geckodriver	INFO	Listening on 127.0.0.1:64825
1534813048015	mozrunner::runner	INFO	Running command: "C:\\Program Files\\Mozilla Firefox52esr\\firefox.exe" "-marionette" "-foreground" "-no-remote" "-profile" "C:\\Users\\james\\AppData\\Local\\Temp\\rust_mozprofile.KoLr7dlzLHCZ"
[GFX1]: Potential driver version mismatch ignored due to missing DLLs 0.0.0.0 and 0.0.0.0
1534813049120	Marionette	INFO	Listening on port 2828
[GFX1]: Potential driver version mismatch ignored due to missing DLLs 0.0.0.0 and 0.0.0.0
[Child 10636] WARNING: pipe error: 109: file c:/builds/moz2_slave/m-esr52-w64-000000000000000000/build/src/ipc/chromium/src/chrome/common/ipc_channel_win.cc, line 345
[Child 10636] WARNING: pipe error: 109: file c:/builds/moz2_slave/m-esr52-w64-01534813678402	geckodriver	INFO	geckodriver 0.21.0
1534813678412	geckodriver	INFO	Listening on 127.0.0.1:65275
1534813681419	mozrunner::runner	INFO	Running command: "C:\\Program Files\\Mozilla Firefox52esr\\firefox.exe" "-marionette" "-foreground" "-no-remote" "-profile" "C:\\Users\\james\\AppData\\Local\\Temp\\rust_mozprofile.wcT42NSn7VgC"
Unable to read VR Path Registry from C:\Users\james\AppData\Local\openvr\openvrpaths.vrpath
1534813681994	Marionette	INFO	Enabled via --marionette
Unable to read VR Path Registry from C:\Users\james\AppData\Local\openvr\openvrpaths.vrpath
Unable to read VR Path Registry from C:\Users\james\AppData\Local\openvr\openvrpaths.vrpath
Unable to read VR Path Registry from C:\Users\james\AppData\Local\openvr\openvrpaths.vrpath
Unable to read VR Path Registry from C:\Users\james\AppData\Local\openvr\openvrpaths.vrpath
1534813683710	Marionette	INFO	Listening on port 65283
1534813684142	Marionette	WARN	TLS certificate errors will be ignored for this session
[Parent 12256, Gecko_IOThread] WARNING: pipe error: 109: file z:/build/build/src/ipc/chromium/src/chrome/common/ipc_channel_win.cc, line 346
[Child 8032, Chrome_ChildThread] WARNING: pipe error: 109: file z:/build/build/src/ipc/chromium/src/chrome/common/ipc_channel_win.cc, line 346
[Child 8032, Ch[Parent 12256, Gecko_IOThread] WARNING: pipe error: 109: file z:/build/build/src/ipc/chromium/src/chrome/common/ipc_channel_win.cc, line 346
[Child 936, Chrome_ChildThread] WARNING: pipe error: 109: file z:/build/build/src/ipc/chromium/src/chrome/common/ipc_channel_win.cc, line 346
[Child 936, Chrom*** UTM:SVC TimerManager:registerTimer called after profile-before-change notification. Ignoring timer registration for id: telemetry_modules_ping

###!!! [Child][MessageChannel::SendAndWait] Error: Channel error: cannot send/recv

1534813885698	geckodriver	INFO	geckodriver 0.21.0
1534813885711	geckodriver	INFO	Listening on 127.0.0.1:49164
1534813888714	mozrunner::runner	INFO	Running command: "C:\\Program Files\\Mozilla Firefox52esr\\firefox.exe" "-marionette" "-foreground" "-no-remote" "-profile" "C:\\Users\\james\\AppData\\Local\\Temp\\rust_mozprofile.54XDPRARf3Rp"
Unable to read VR Path Registry from C:\Users\james\AppData\Local\openvr\openvrpaths.vrpath
1534813889514	Marionette	INFO	Enabled via --marionette
Unable to read VR Path Registry from C:\Users\james\AppData\Local\openvr\openvrpaths.vrpath
Unable to read VR Path Registry from C:\Users\james\AppData\Local\openvr\openvrpaths.vrpath
Unable to read VR Path Registry from C:\Users\james\AppData\Local\openvr\openvrpaths.vrpath
IPDL protocol error: Handler returned error code!

###!!! [Parent][DispatchAsyncMessage] Error: PLayerTransaction::Msg_ReleaseLayer Processing error: message was deserialized, but the handler returned false (indicating failure)

IPDL protocol error: Handler returned error code!

###!!! [Parent][DispatchAsyncMessage] Error: PLayerTransaction::Msg_ReleaseLayer Processing error: message was deserialized, but the handler returned false (indicating failure)

1534813891758	Marionette	INFO	Listening on port 49172
Unable to read VR Path Registry from C:\Users\james\AppData\Local\openvr\openvrpaths.vrpath
1534813891972	Marionette	WARN	TLS certificate errors will be ignored for this session
[Parent 8428, Gecko_IOThread] WARNING: pipe error: 109: file z:/build/build/src/ipc/chromium/src/chrome/common/ipc_channel_win.cc, line 346
[Parent 8428, Gecko_IOThread] WARNING: pipe error: 109: file z:/build/build/src/ipc/chromium/src/chrome/common/ipc_channel_win.cc, line 346
[Child 3288, Chrome_ChildThread] WARNING: pipe error: 109: file z:/build/build/src/ipc/chromium/src/chrome/common/ipc_channel_win.cc, line 346
[Child 936, Chrome_ChildThread] WARNING: pipe error: 109: file z:/build/build/src/ipc/chromium/src/chrome/common/ipc_channel_win.cc, line 346
[Parent 8428, Gecko_IOThread] WARNING: pipe error: 109: file z:/build/build/src/ipc/chromium/src/chrome/common/ipc_channel_win.cc, line 346
*** UTM:SVC TimerManager:registerTimer called after profile-before-change notification. Ignoring timer registration for id: telemetry_modules_ping

###!!! [Child][MessageChannel::SendAndWait] Error: Channel error: cannot send/recv

1534829736389	geckodriver	INFO	geckodriver 0.21.0
1534829736405	geckodriver	INFO	Listening on 127.0.0.1:51956
1534829739400	mozrunner::runner	INFO	Running command: "C:\\Program Files\\Mozilla Firefox52esr\\firefox.exe" "-marionette" "-foreground" "-no-remote" "-profile" "C:\\Users\\james\\AppData\\Local\\Temp\\rust_mozprofile.9Hb2v2BLZ4e5"
Unable to read VR Path Registry from C:\Users\james\AppData\Local\openvr\openvrpaths.vrpath
1534829740244	Marionette	INFO	Enabled via --marionette
Unable to read VR Path Registry from C:\Users\james\AppData\Local\openvr\openvrpaths.vrpath
Unable to read VR Path Registry from C:\Users\james\AppData\Local\openvr\openvrpaths.vrpath
Unable to read VR Path Registry from C:\Users\james\AppData\Local\openvr\openvrpaths.vrpath
Unable to read VR Path Registry from C:\Users\james\AppData\Local\openvr\openvrpaths.vrpath
1534829742168	Marionette	INFO	Listening on port 51964
1534829742622	Marionette	WARN	TLS certificate errors will be ignored for this session
[Parent 1512, Gecko_IOThread] WARNING: pipe error: 109: file z:/build/build/src/ipc/chromium/src/chrome/common/ipc_channel_win.cc, line 346
[Child 12472, Chrome_ChildThread] WARNING: pipe error: 109: file z:/build/build/src/ipc/chromium/src/chrome/common/ipc_channel_win.cc, line 346
[Child 12432, Chrome_ChildThread] WARNING: pipe error: 109: file z:/build/build/src/ipc/chromium/src/chrome/common/ipc_channel_win.cc, line 346
[Child 124*** UTM:SVC TimerManager:registerTimer called after profile-before-change notification. Ignoring timer registration for id: telemetry_modules_ping

###!!! [Child][MessageChannel::SendAndWait] Error: Channel error: cannot send/recv

1534830442294	geckodriver	INFO	geckodriver 0.21.0
1534830442303	geckodriver	INFO	Listening on 127.0.0.1:52055
1534830445314	mozrunner::runner	INFO	Running command: "C:\\Program Files\\Mozilla Firefox52esr\\firefox.exe" "-marionette" "-foreground" "-no-remote" "-profile" "C:\\Users\\james\\AppData\\Local\\Temp\\rust_mozprofile.1SnUYGpX7QS9"
Unable to read VR Path Registry from C:\Users\james\AppData\Local\openvr\openvrpaths.vrpath
1534830445948	Marionette	INFO	Enabled via --marionette
Unable to read VR Path Registry from C:\Users\james\AppData\Local\openvr\openvrpaths.vrpath
Unable to read VR Path Registry from C:\Users\james\AppData\Local\openvr\openvrpaths.vrpath
Unable to read VR Path Registry from C:\Users\james\AppData\Local\openvr\openvrpaths.vrpath
Unable to read VR Path Registry from C:\Users\james\AppData\Local\openvr\openvrpaths.vrpath
1534830447840	Marionette	INFO	Listening on port 52063
1534830448036	Marionette	WARN	TLS certificate errors will be ignored for this session
[Parent 10136, Gecko_IOThread] WARNING: pipe error: 109: file z:/build/build/src/ipc/chromium/src/chrome/common/ipc_channel_win.cc, line 346
[Parent 10136, Gecko_IOThread] WARNING: pipe error: 109: file z:/build/build/src/ipc/chromium/src/chrome/common/ipc_channel_win.cc, line 346
[Child 12096, Chrome_ChildThread] WARNING: pipe error: 109: file z:/build/build/src/ipc/chromium/src/chrome/common/ipc_channel_win.cc, line 346
[Child 12096, Chrome_ChildThread[Parent 10136, Gecko_IOThread] WARNING: pipe error: 109: file z:/build/build/src/ipc/chromium/src/chrome/common/ipc_channel_win.cc, line 346
[Child 5044, Chrome_ChildThread] WARNING: pipe error: 109: file z:/build/build/src/ipc/chromium/src/chrome/common/ipc_channel_win.cc, line 346
[Child 50*** UTM:SVC TimerManager:registerTimer called after profile-before-change notification. Ignoring timer registration for id: telemetry_modules_ping

###!!! [Child][MessageChannel::SendAndWait] Error: Channel error: cannot send/recv

1534885552076	geckodriver	INFO	geckodriver 0.21.0
1534885552087	geckodriver	INFO	Listening on 127.0.0.1:55159
1534885555094	mozrunner::runner	INFO	Running command: "C:\\Program Files\\Mozilla Firefox52esr\\firefox.exe" "-marionette" "-foreground" "-no-remote" "-profile" "C:\\Users\\james\\AppData\\Local\\Temp\\rust_mozprofile.ESZvip1yOGa3"
Unable to read VR Path Registry from C:\Users\james\AppData\Local\openvr\openvrpaths.vrpath
1534885555936	Marionette	INFO	Enabled via --marionette
Unable to read VR Path Registry from C:\Users\james\AppData\Local\openvr\openvrpaths.vrpath
Unable to read VR Path Registry from C:\Users\james\AppData\Local\openvr\openvrpaths.vrpath
Unable to read VR Path Registry from C:\Users\james\AppData\Local\openvr\openvrpaths.vrpath
Unable to read VR Path Registry from C:\Users\james\AppData\Local\openvr\openvrpaths.vrpath
1534885558814	Marionette	INFO	Listening on port 55167
1534885558936	Marionette	WARN	TLS certificate errors will be ignored for this session
[Parent 2744, Gecko_IOThread] WARNING: pipe error: 109: file z:/build/build/src/ipc/chromium/src/chrome/common/ipc_channel_win.cc, line 346
[Parent 2744, Gecko_IOThread] WARNING: pipe error: 109: file z:/build/build/src/ipc/chromium/src/chrome/common/ipc_channel_win.cc, line 346
[Parent 2744, Gecko_IOThread] WARNING: pipe error: 109: file z:/build/build/src/ipc/chromium/src/chrome/common/ipc_channel_win.cc, line 346
[Child 2220, Chrome_ChildThread] WARNING: pipe error: 109: file z:/build/build/src/ipc/chromium/src/chrome/common/ipc_channel_win.cc, line 346
[Child 222*** UTM:SVC TimerManager:registerTimer called after profile-before-change notification. Ignoring timer registration for id: telemetry_modules_ping

###!!! [Child][MessageChannel::SendAndWait] Error: Channel error: cannot send/recv

1534886078759	geckodriver	INFO	geckodriver 0.21.0
1534886078774	geckodriver	INFO	Listening on 127.0.0.1:55234
1534886081790	mozrunner::runner	INFO	Running command: "C:\\Program Files\\Mozilla Firefox52esr\\firefox.exe" "-marionette" "-foreground" "-no-remote" "-profile" "C:\\Users\\james\\AppData\\Local\\Temp\\rust_mozprofile.mJ8jGUu2ZthN"
Unable to read VR Path Registry from C:\Users\james\AppData\Local\openvr\openvrpaths.vrpath
1534886082664	Marionette	INFO	Enabled via --marionette
Unable to read VR Path Registry from C:\Users\james\AppData\Local\openvr\openvrpaths.vrpath
Unable to read VR Path Registry from C:\Users\james\AppData\Local\openvr\openvrpaths.vrpath
Unable to read VR Path Registry from C:\Users\james\AppData\Local\openvr\openvrpaths.vrpath
1534886084944	Marionette	INFO	Listening on port 55242
1534886085022	Marionette	WARN	TLS certificate errors will be ignored for this session
Unable to read VR Path Registry from C:\Users\james\AppData\Local\openvr\openvrpaths.vrpath
[Parent 1380, Gecko_IOThread] WARNING: pipe error: 109: file z:/build/build/src/ipc/chromium/src/chrome/common/ipc_channel_win.cc, line 346
[Parent 1380, Gecko_IOThread] WARNING: pipe error: 109: file z:/build/build/src/ipc/chromium/src/chrome/common/ipc_channel_win.cc, line 346
[Child 5612, Chrome_ChildThread] WARNING: pipe error: 10[9Child 11560, Chrome_ChildThread] WARNING: pipe error: 109: file z:/build/build/src/ipc/chromium/src/chrome/common/ipc_channel_win.cc, line 346:
 file z:/build/build/src/ipc/chromium/src/chrome/common/ipc_channel_win.cc, line 346[
Child 11560, Chrome_ChildThread] WARNING: pipe error: 109: file z:/build/build/src/ipc/chromium/src/chrome/common/ipc_channel_win.cc, line 346
[Parent 1380, Gecko_IOThread] WARNING: pipe error: 109: file z:/build/build/src/ipc/chromium/src/chrome/common/ipc_channel_win.cc, line 346
*** UTM:SVC TimerManager:registerTimer called after profile-before-change notification. Ignoring timer registration for id: telemetry_modules_ping

###!!! [Child][MessageChannel::SendAndWait] Error: Channel error: cannot send/recv

1534886196931	geckodriver	INFO	geckodriver 0.21.0
1534886196945	geckodriver	INFO	Listening on 127.0.0.1:55298
1534886199985	mozrunner::runner	INFO	Running command: "C:\\Program Files\\Mozilla Firefox52esr\\firefox.exe" "-marionette" "-foreground" "-no-remote" "-profile" "C:\\Users\\james\\AppData\\Local\\Temp\\rust_mozprofile.IvYQZJUpa1WV"
Unable to read VR Path Registry from C:\Users\james\AppData\Local\openvr\openvrpaths.vrpath
1534886200576	Marionette	INFO	Enabled via --marionette
Unable to read VR Path Registry from C:\Users\james\AppData\Local\openvr\openvrpaths.vrpath
Unable to read VR Path Registry from C:\Users\james\AppData\Local\openvr\openvrpaths.vrpath
Unable to read VR Path Registry from C:\Users\james\AppData\Local\openvr\openvrpaths.vrpath
1534886202434	Marionette	INFO	Listening on port 55306
Unable to read VR Path Registry from C:\Users\james\AppData\Local\openvr\openvrpaths.vrpath
1534886202720	Marionette	WARN	TLS certificate errors will be ignored for this session
[Child 12248, Chrome_ChildThread] WARNING: pipe error: 109: file z:/build/build/src/ipc/chromium/src/chrome/common/ipc_channel_win.cc, line 346
[Child 9996, Chrome_ChildThread] WARNING: pipe error: 109: file z:/build/build/src/ipc/chromium/src/chrome/common/ipc_channel_win.cc, line 346
[Child 999*** UTM:SVC TimerManager:registerTimer called after profile-before-change notification. Ignoring timer registration for id: telemetry_modules_ping

###!!! [Child][MessageChannel::SendAndWait] Error: Channel error: cannot send/recv

1534886255433	geckodriver	INFO	geckodriver 0.21.0
1534886255443	geckodriver	INFO	Listening on 127.0.0.1:55358
1534886258459	mozrunner::runner	INFO	Running command: "C:\\Program Files\\Mozilla Firefox52esr\\firefox.exe" "-marionette" "-foreground" "-no-remote" "-profile" "C:\\Users\\james\\AppData\\Local\\Temp\\rust_mozprofile.vxqje0rshs2S"
Unable to read VR Path Registry from C:\Users\james\AppData\Local\openvr\openvrpaths.vrpath
1534886259034	Marionette	INFO	Enabled via --marionette
Unable to read VR Path Registry from C:\Users\james\AppData\Local\openvr\openvrpaths.vrpath
Unable to read VR Path Registry from C:\Users\james\AppData\Local\openvr\openvrpaths.vrpath
Unable to read VR Path Registry from C:\Users\james\AppData\Local\openvr\openvrpaths.vrpath
Unable to read VR Path Registry from C:\Users\james\AppData\Local\openvr\openvrpaths.vrpath
1534886261228	Marionette	INFO	Listening on port 55366
1534886261698	Marionette	WARN	TLS certificate errors will be ignored for this session
[Parent 11900, Gecko_IOThread] WARNING: pipe error: 109: file z:/build/build/src/ipc/chromium/src/chrome/common/ipc_channel_win.cc, line 346
[Parent 11900, Gecko_IOThread] WARNING: pipe error: 109: file z:/build/build/src/ipc/chromium/src/chrome/common/ipc_channel_win.cc, line 346
[Child 2764, Chrome_ChildThread] WARNING: pipe error: 109: file z:/build/build/src/ipc/chromium/src/chrome/common/ipc_channel_win.cc, line 346
[Child 2764, C[Parent 11900, Gecko_IOThread] WARNING: pipe error: 109: file z:/build/build/src/ipc/chromium/src/chrome/common/ipc_channel_win.cc, line 346
*** UTM:SVC TimerManager:registerTimer called after profile-before-change notification. Ignoring timer registration for id: telemetry_modules_ping

###!!! [Child][MessageChannel::SendAndWait] Error: Channel error: cannot send/recv

1534886285925	geckodriver	INFO	geckodriver 0.21.0
1534886285935	geckodriver	INFO	Listening on 127.0.0.1:55417
1534886288940	mozrunner::runner	INFO	Running command: "C:\\Program Files\\Mozilla Firefox52esr\\firefox.exe" "-marionette" "-foreground" "-no-remote" "-profile" "C:\\Users\\james\\AppData\\Local\\Temp\\rust_mozprofile.2ENkDYwW8OI1"
Unable to read VR Path Registry from C:\Users\james\AppData\Local\openvr\openvrpaths.vrpath
1534886289522	Marionette	INFO	Enabled via --marionette
Unable to read VR Path Registry from C:\Users\james\AppData\Local\openvr\openvrpaths.vrpath
Unable to read VR Path Registry from C:\Users\james\AppData\Local\openvr\openvrpaths.vrpath
Unable to read VR Path Registry from C:\Users\james\AppData\Local\openvr\openvrpaths.vrpath
Unable to read VR Path Registry from C:\Users\james\AppData\Local\openvr\openvrpaths.vrpath
1534886291342	Marionette	INFO	Listening on port 55425
1534886291678	Marionette	WARN	TLS certificate errors will be ignored for this session
[Parent 8212, Gecko_IOThread] WARNING: pipe error: 109: file z:/build/build/src/ipc/chromium/src/chrome/common/ipc_channel_win.cc, line 346
[Child 9832, Chrome_ChildThread] WARNING: pipe error: 109: file z:/build/build/src/ipc/chromium/src/chrome/common/ipc_channel_win.cc, line 346
[C[Child 12544, Chrome_ChildThread] WARNING: pipe error: 109: file z:/build/build/src/ipc/chromium/src/chrome/common/ipc_channel_win.cc, line 346
[Child 12544, [Child 5956, Chrome_ChildThread] WARNING: pipe error: 109: file z:/build/build/src/ipc/chromium/src/chrome/common/ipc_channel_win.cc, line 346
[Child 5956, Chrome_ChildThread] WARN
###!!! [Child][MessageChannel::SendAndWait] Error: Channel error: cannot send/recv

1534887367578	geckodriver	INFO	geckodriver 0.21.0
1534887367588	geckodriver	INFO	Listening on 127.0.0.1:55523
1534887370620	mozrunner::runner	INFO	Running command: "C:\\Program Files\\Mozilla Firefox52esr\\firefox.exe" "-marionette" "-foreground" "-no-remote" "-profile" "C:\\Users\\james\\AppData\\Local\\Temp\\rust_mozprofile.J5EeI8A3ZVX5"
Unable to read VR Path Registry from C:\Users\james\AppData\Local\openvr\openvrpaths.vrpath
1534887371220	Marionette	INFO	Enabled via --marionette
Unable to read VR Path Registry from C:\Users\james\AppData\Local\openvr\openvrpaths.vrpath
Unable to read VR Path Registry from C:\Users\james\AppData\Local\openvr\openvrpaths.vrpath
Unable to read VR Path Registry from C:\Users\james\AppData\Local\openvr\openvrpaths.vrpath
1534887373078	Marionette	INFO	Listening on port 55531
Unable to read VR Path Registry from C:\Users\james\AppData\Local\openvr\openvrpaths.vrpath
1534887373376	Marionette	WARN	TLS certificate errors will be ignored for this session
[Parent 348, Gecko_IOThread] WARNING: pipe error: 109: file z:/build/build/src/ipc/chromium/src/chrome/common/ipc_channel_win.cc, line 346
[Parent 348, Gecko_IOThread] WARNING: pipe error: 109: file z:/build/build/src/ipc/chromium/src/chrome/common/ipc_channel_win.cc, line 346
[Child 12828, Chrome_ChildThread] WARNING: pipe error: 109: file z:/build/build/src/ipc/chromium/src/chrome/common/ipc_channel_win.cc, line 346
[Child 12952, Chrome_ChildThread] WARNING: pipe error: 109: file z:/build/build/src/ipc/chromium/src/chrome/common/ipc_channel_win.cc, line 346
[Child 12952, Chro[Parent 348, Gecko_IOThread] WARNING: pipe error: 109: file z:/build/build/src/ipc/chromium/src/chrome/common/ipc_channel_win.cc, line 346
[Child 5208, Chrome_ChildThread] WARNING: pipe error: 109: file z:/build/build/src/ipc/chromium/src/chrome/common/ipc_channel_win.cc, line 346
*** UTM:SVC TimerManager:registerTimer called after profile-before-change notification. Ignoring timer registration for id: telemetry_modules_ping

###!!! [Child][MessageChannel::SendAndWait] Error: Channel error: cannot send/recv

1534887425124	geckodriver	INFO	geckodriver 0.21.0
1534887425135	geckodriver	INFO	Listening on 127.0.0.1:55584
1534887428171	mozrunner::runner	INFO	Running command: "C:\\Program Files\\Mozilla Firefox52esr\\firefox.exe" "-marionette" "-foreground" "-no-remote" "-profile" "C:\\Users\\james\\AppData\\Local\\Temp\\rust_mozprofile.yokD8NMJqA4D"
Unable to read VR Path Registry from C:\Users\james\AppData\Local\openvr\openvrpaths.vrpath
1534887428772	Marionette	INFO	Enabled via --marionette
Unable to read VR Path Registry from C:\Users\james\AppData\Local\openvr\openvrpaths.vrpath
Unable to read VR Path Registry from C:\Users\james\AppData\Local\openvr\openvrpaths.vrpath
Unable to read VR Path Registry from C:\Users\james\AppData\Local\openvr\openvrpaths.vrpath
Unable to read VR Path Registry from C:\Users\james\AppData\Local\openvr\openvrpaths.vrpath
1534887430504	Marionette	INFO	Listening on port 55592
1534887430892	Marionette	WARN	TLS certificate errors will be ignored for this session
[Parent 9116, Gecko_IOThread] WARNING: pipe error: 109: file z:/build/build/src/ipc/chromium/src/chrome/common/ipc_channel_win.cc, line 346
[Parent 9116, Gecko_IOThread] WARNING: pipe error: 109: file z:/build/build/src/ipc/chromium/src/chrome/common/ipc_channel_win.cc, line 346
[Child 9280, Chrome_ChildThread] WARNING: pipe error: 109: file z:/build/build/src/ipc/chromium/src/chrome/common/ipc_channel_win.cc, line 346
[Child 9280*** UTM:SVC TimerManager:registerTimer called after profile-before-change notification. Ignoring timer registration for id: telemetry_modules_ping

###!!! [Child][MessageChannel::SendAndWait] Error: Channel error: cannot send/recv

1534888091199	geckodriver	INFO	geckodriver 0.21.0
1534888091211	geckodriver	INFO	Listening on 127.0.0.1:55671
1534888094228	mozrunner::runner	INFO	Running command: "C:\\Program Files\\Mozilla Firefox52esr\\firefox.exe" "-marionette" "-foreground" "-no-remote" "-profile" "C:\\Users\\james\\AppData\\Local\\Temp\\rust_mozprofile.nhhzZbtZjd06"
Unable to read VR Path Registry from C:\Users\james\AppData\Local\openvr\openvrpaths.vrpath
1534888095038	Marionette	INFO	Enabled via --marionette
Unable to read VR Path Registry from C:\Users\james\AppData\Local\openvr\openvrpaths.vrpath
Unable to read VR Path Registry from C:\Users\james\AppData\Local\openvr\openvrpaths.vrpath
Unable to read VR Path Registry from C:\Users\james\AppData\Local\openvr\openvrpaths.vrpath
1534888097310	Marionette	INFO	Listening on port 55679
Unable to read VR Path Registry from C:\Users\james\AppData\Local\openvr\openvrpaths.vrpath
1534888097478	Marionette	WARN	TLS certificate errors will be ignored for this session
[Parent 9968, Gecko_IOThread] WARNING: pipe error: 109: file z:/build/build/src/ipc/chromium/src/chrome/common/ipc_channel_win.cc, line 346
[Parent 9968, Gecko_IOThread] WARNING: pipe error: 109: file z:/build/build/src/ipc/chromium/src/chrome/common/ipc_channel_win.cc, line 346
[Parent 9968, Gecko_IOThread] WARNING: pipe error: 109: file z:/build/build/src/ipc/chromium/src/chrome/common/ipc_channel_win.cc, line 346
*** UTM:SVC TimerManager:registerTimer called after profile-before-change notification. Ignoring timer registration for id: telemetry_modules_ping

###!!! [Child][MessageChannel::SendAndWait] Error: Channel error: cannot send/recv

1534888186648	geckodriver	INFO	geckodriver 0.21.0
1534888186657	geckodriver	INFO	Listening on 127.0.0.1:55731
1534888189687	mozrunner::runner	INFO	Running command: "C:\\Program Files\\Mozilla Firefox52esr\\firefox.exe" "-marionette" "-foreground" "-no-remote" "-profile" "C:\\Users\\james\\AppData\\Local\\Temp\\rust_mozprofile.HL8hyvxIs49j"
Unable to read VR Path Registry from C:\Users\james\AppData\Local\openvr\openvrpaths.vrpath
1534888190278	Marionette	INFO	Enabled via --marionette
Unable to read VR Path Registry from C:\Users\james\AppData\Local\openvr\openvrpaths.vrpath
Unable to read VR Path Registry from C:\Users\james\AppData\Local\openvr\openvrpaths.vrpath
Unable to read VR Path Registry from C:\Users\james\AppData\Local\openvr\openvrpaths.vrpath
Unable to read VR Path Registry from C:\Users\james\AppData\Local\openvr\openvrpaths.vrpath
1534888192138	Marionette	INFO	Listening on port 55739
1534888192408	Marionette	WARN	TLS certificate errors will be ignored for this session
*** UTM:SVC TimerManager:registerTimer called after profile-before-change notification. Ignoring timer registration for id: telemetry_modules_ping

###!!! [Child][MessageChannel::SendAndWait] Error: Channel error: cannot send/recv

